<?xml version="1.0" encoding="UTF-8"?>
<testsuite name="TestSuite" time="0.907" tests="1" errors="0" skipped="0" failures="1">
  <properties>
    <property name="java.runtime.name" value="Java(TM) SE Runtime Environment"/>
    <property name="sun.boot.library.path" value="C:\Program Files\Java\jdk1.8.0_251\jre\bin"/>
    <property name="java.vm.version" value="25.251-b08"/>
    <property name="java.vm.vendor" value="Oracle Corporation"/>
    <property name="maven.multiModuleProjectDirectory" value="C:\Users\eabismr\Desktop\Capstone_proj\AB_NEW1\AWSApplication\AWS_APP"/>
    <property name="java.vendor.url" value="http://java.oracle.com/"/>
    <property name="path.separator" value=";"/>
    <property name="guice.disable.misplaced.annotation.check" value="true"/>
    <property name="java.vm.name" value="Java HotSpot(TM) 64-Bit Server VM"/>
    <property name="file.encoding.pkg" value="sun.io"/>
    <property name="user.script" value=""/>
    <property name="user.country" value="US"/>
    <property name="sun.java.launcher" value="SUN_STANDARD"/>
    <property name="sun.os.patch.level" value=""/>
    <property name="java.vm.specification.name" value="Java Virtual Machine Specification"/>
    <property name="user.dir" value="C:\Users\eabismr\Desktop\Capstone_proj\AB_NEW1\AWSApplication\AWS_APP"/>
    <property name="java.runtime.version" value="1.8.0_251-b08"/>
    <property name="java.awt.graphicsenv" value="sun.awt.Win32GraphicsEnvironment"/>
    <property name="java.endorsed.dirs" value="C:\Program Files\Java\jdk1.8.0_251\jre\lib\endorsed"/>
    <property name="os.arch" value="amd64"/>
    <property name="java.io.tmpdir" value="C:\Users\eabismr\AppData\Local\Temp\"/>
    <property name="line.separator" value="&#10;"/>
    <property name="java.vm.specification.vendor" value="Oracle Corporation"/>
    <property name="user.variant" value=""/>
    <property name="os.name" value="Windows 10"/>
    <property name="classworlds.conf" value="C:\Users\eabismr\eclipse-workspace\.metadata\.plugins\org.eclipse.m2e.launching\launches\m2conf4229079653156599333.tmp"/>
    <property name="sun.jnu.encoding" value="Cp1252"/>
    <property name="java.library.path" value="C:\Program Files\Java\jdk1.8.0_251\bin;C:\WINDOWS\Sun\Java\bin;C:\WINDOWS\system32;C:\WINDOWS;C:/Program Files/Java/jre1.8.0_251/bin/server;C:/Program Files/Java/jre1.8.0_251/bin;C:/Program Files/Java/jre1.8.0_251/lib/amd64;C:\Program Files (x86)\Common Files\Oracle\Java\javapath;C:\ProgramData\Oracle\Java\javapath;C:\WINDOWS\system32;C:\WINDOWS;C:\WINDOWS\System32\Wbem;C:\WINDOWS\System32\WindowsPowerShell\v1.0\;C:\Program Files\PuTTY\;C:\Program Files\Intel\WiFi\bin\;C:\Program Files\Common Files\Intel\WirelessCommon\;C:\WINDOWS\system32\config\systemprofile\AppData\Local\Microsoft\WindowsApps;C:\Program Files (x86)\Adaptiva\AdaptivaClient\bin\x32;C:\Program Files (x86)\Adaptiva\AdaptivaClient\bin\x64;C:\WINDOWS\system32;C:\WINDOWS;C:\WINDOWS\System32\Wbem;C:\WINDOWS\System32\WindowsPowerShell\v1.0\;C:\WINDOWS\System32\OpenSSH\;C:\Program Files (x86)\Brackets\command;C:\Program Files\Java\jdk1.8.0_251\bin;C:\Users\eabismr\Desktop\Capstone_proj\apache-maven-3.6.3-bin\apache-maven-3.6.3\bin;C:\Program Files\Java\jdk1.8.0_251\bin;C:\Program Files\Java\jdk1.8.0_251\lib;C:\Users\eabismr\AppData\Local\Microsoft\WindowsApps;C:\Users\eabismr\AppData\Local\Programs\Git\cmd;C:\WINDOWS\system32;;."/>
    <property name="java.specification.name" value="Java Platform API Specification"/>
    <property name="java.class.version" value="52.0"/>
    <property name="sun.management.compiler" value="HotSpot 64-Bit Tiered Compilers"/>
    <property name="os.version" value="10.0"/>
    <property name="user.home" value="C:\Users\eabismr"/>
    <property name="user.timezone" value="Asia/Calcutta"/>
    <property name="java.awt.printerjob" value="sun.awt.windows.WPrinterJob"/>
    <property name="java.specification.version" value="1.8"/>
    <property name="file.encoding" value="Cp1252"/>
    <property name="user.name" value="eabismr"/>
    <property name="java.class.path" value="C:\Users\eabismr\.p2\pool\plugins\org.eclipse.m2e.maven.runtime_1.15.0.20200310-1832\jars\plexus-classworlds-2.6.0.jar"/>
    <property name="java.vm.specification.version" value="1.8"/>
    <property name="sun.arch.data.model" value="64"/>
    <property name="java.home" value="C:\Program Files\Java\jdk1.8.0_251\jre"/>
    <property name="sun.java.command" value="org.codehaus.plexus.classworlds.launcher.Launcher -B test"/>
    <property name="java.specification.vendor" value="Oracle Corporation"/>
    <property name="user.language" value="en"/>
    <property name="awt.toolkit" value="sun.awt.windows.WToolkit"/>
    <property name="java.vm.info" value="mixed mode"/>
    <property name="java.version" value="1.8.0_251"/>
    <property name="java.ext.dirs" value="C:\Program Files\Java\jdk1.8.0_251\jre\lib\ext;C:\WINDOWS\Sun\Java\lib\ext"/>
    <property name="sun.boot.class.path" value="C:\Program Files\Java\jdk1.8.0_251\jre\lib\resources.jar;C:\Program Files\Java\jdk1.8.0_251\jre\lib\rt.jar;C:\Program Files\Java\jdk1.8.0_251\jre\lib\sunrsasign.jar;C:\Program Files\Java\jdk1.8.0_251\jre\lib\jsse.jar;C:\Program Files\Java\jdk1.8.0_251\jre\lib\jce.jar;C:\Program Files\Java\jdk1.8.0_251\jre\lib\charsets.jar;C:\Program Files\Java\jdk1.8.0_251\jre\lib\jfr.jar;C:\Program Files\Java\jdk1.8.0_251\jre\classes"/>
    <property name="java.vendor" value="Oracle Corporation"/>
    <property name="maven.home" value="C:\Users\eabismr\Desktop\Capstone_proj\AB_NEW1\AWSApplication\AWS_APP\EMBEDDED"/>
    <property name="file.separator" value="\"/>
    <property name="java.vendor.url.bug" value="http://bugreport.sun.com/bugreport/"/>
    <property name="sun.cpu.endian" value="little"/>
    <property name="sun.io.unicode.encoding" value="UnicodeLittle"/>
    <property name="sun.desktop" value="windows"/>
    <property name="sun.cpu.isalist" value="amd64"/>
  </properties>
  <testcase name="run_cukes" classname="runner.testrunner" time="0.907">
    <failure message="java.lang.Error: Unresolved compilation problems: &#10;	Illegal modifier for parameter geckoDriverPath; only final is permitted&#10;	Syntax error on token &quot;Invalid Character&quot;, invalid Expression&#10;	Syntax error on token &quot;Invalid Character&quot;, delete this token&#10;	Syntax error on token &quot;Invalid Character&quot;, delete this token&#10;	Syntax error on token &quot;Invalid Character&quot;, delete this token&#10;	Syntax error on token &quot;Invalid Character&quot;, invalid Expression&#10;	Syntax error on token &quot;Invalid Character&quot;, delete this token&#10;	Syntax error on token &quot;Invalid Character&quot;, delete this token&#10;	Syntax error on token &quot;Invalid Character&quot;, delete this token&#10;" type="cucumber.runtime.CucumberException">cucumber.runtime.CucumberException: java.lang.Error: Unresolved compilation problems: 
	Illegal modifier for parameter geckoDriverPath; only final is permitted
	Syntax error on token "Invalid Character", invalid Expression
	Syntax error on token "Invalid Character", delete this token
	Syntax error on token "Invalid Character", delete this token
	Syntax error on token "Invalid Character", delete this token
	Syntax error on token "Invalid Character", invalid Expression
	Syntax error on token "Invalid Character", delete this token
	Syntax error on token "Invalid Character", delete this token
	Syntax error on token "Invalid Character", delete this token

	at cucumber.api.testng.TestNGCucumberRunner.runCukes(TestNGCucumberRunner.java:48)
	at cucumber.api.testng.AbstractTestNGCucumberTests.run_cukes(AbstractTestNGCucumberTests.java:14)
	at sun.reflect.NativeMethodAccessorImpl.invoke0(Native Method)
	at sun.reflect.NativeMethodAccessorImpl.invoke(NativeMethodAccessorImpl.java:62)
	at sun.reflect.DelegatingMethodAccessorImpl.invoke(DelegatingMethodAccessorImpl.java:43)
	at java.lang.reflect.Method.invoke(Method.java:498)
	at org.testng.internal.MethodInvocationHelper.invokeMethod(MethodInvocationHelper.java:84)
	at org.testng.internal.MethodInvocationHelper$1.runTestMethod(MethodInvocationHelper.java:200)
	at cucumber.api.testng.AbstractTestNGCucumberTests.run(AbstractTestNGCucumberTests.java:19)
	at sun.reflect.NativeMethodAccessorImpl.invoke0(Native Method)
	at sun.reflect.NativeMethodAccessorImpl.invoke(NativeMethodAccessorImpl.java:62)
	at sun.reflect.DelegatingMethodAccessorImpl.invoke(DelegatingMethodAccessorImpl.java:43)
	at java.lang.reflect.Method.invoke(Method.java:498)
	at org.testng.internal.MethodInvocationHelper.invokeHookable(MethodInvocationHelper.java:212)
	at org.testng.internal.Invoker.invokeMethod(Invoker.java:707)
	at org.testng.internal.Invoker.invokeTestMethod(Invoker.java:901)
	at org.testng.internal.Invoker.invokeTestMethods(Invoker.java:1231)
	at org.testng.internal.TestMethodWorker.invokeTestMethods(TestMethodWorker.java:127)
	at org.testng.internal.TestMethodWorker.run(TestMethodWorker.java:111)
	at org.testng.TestRunner.privateRun(TestRunner.java:767)
	at org.testng.TestRunner.run(TestRunner.java:617)
	at org.testng.SuiteRunner.runTest(SuiteRunner.java:348)
	at org.testng.SuiteRunner.runSequentially(SuiteRunner.java:343)
	at org.testng.SuiteRunner.privateRun(SuiteRunner.java:305)
	at org.testng.SuiteRunner.run(SuiteRunner.java:254)
	at org.testng.SuiteRunnerWorker.runSuite(SuiteRunnerWorker.java:52)
	at org.testng.SuiteRunnerWorker.run(SuiteRunnerWorker.java:86)
	at org.testng.TestNG.runSuitesSequentially(TestNG.java:1224)
	at org.testng.TestNG.runSuitesLocally(TestNG.java:1149)
	at org.testng.TestNG.run(TestNG.java:1057)
	at org.apache.maven.surefire.testng.TestNGExecutor.run(TestNGExecutor.java:295)
	at org.apache.maven.surefire.testng.TestNGXmlTestSuite.execute(TestNGXmlTestSuite.java:84)
	at org.apache.maven.surefire.testng.TestNGProvider.invoke(TestNGProvider.java:90)
	at org.apache.maven.surefire.booter.ForkedBooter.invokeProviderInSameClassLoader(ForkedBooter.java:203)
	at org.apache.maven.surefire.booter.ForkedBooter.runSuitesInProcess(ForkedBooter.java:155)
	at org.apache.maven.surefire.booter.ForkedBooter.main(ForkedBooter.java:103)
Caused by: java.lang.Error: Unresolved compilation problems: 
	Illegal modifier for parameter geckoDriverPath; only final is permitted
	Syntax error on token "Invalid Character", invalid Expression
	Syntax error on token "Invalid Character", delete this token
	Syntax error on token "Invalid Character", delete this token
	Syntax error on token "Invalid Character", delete this token
	Syntax error on token "Invalid Character", invalid Expression
	Syntax error on token "Invalid Character", delete this token
	Syntax error on token "Invalid Character", delete this token
	Syntax error on token "Invalid Character", delete this token

	at BaseClass.Browser.StartBrowser(Browser.java:26)
	at seleniumgluecode.LoginApplicationFirst.user_is_on_homepage_using_first_url(LoginApplicationFirst.java:35)
	at âœ½.Given user is on homepage using first url(LoginApplicationFirst.feature:5)
</failure>
    <system-out><![CDATA[Feature: Login with First Url

  Scenario Outline: Testing First Url                                                        # LoginApplicationFirst.feature:4
    Given user is on homepage using first url
    Then user enter username "<UserName>" and User enter password "<Password>" for first url
    When user navigates to Login Page using first url
    Then Close the first url browser

    Examples: 

  Scenario Outline: Testing First Url                                            # LoginApplicationFirst.feature:12
    Given user is on homepage using first url                                    # LoginApplicationFirst.user_is_on_homepage_using_first_url()
      java.lang.Error: Unresolved compilation problems: 
      	Illegal modifier for parameter geckoDriverPath; only final is permitted
      	Syntax error on token "Invalid Character", invalid Expression
      	Syntax error on token "Invalid Character", delete this token
      	Syntax error on token "Invalid Character", delete this token
      	Syntax error on token "Invalid Character", delete this token
      	Syntax error on token "Invalid Character", invalid Expression
      	Syntax error on token "Invalid Character", delete this token
      	Syntax error on token "Invalid Character", delete this token
      	Syntax error on token "Invalid Character", delete this token
      
      	at BaseClass.Browser.StartBrowser(Browser.java:26)
      	at seleniumgluecode.LoginApplicationFirst.user_is_on_homepage_using_first_url(LoginApplicationFirst.java:35)
      	at ?.Given user is on homepage using first url(LoginApplicationFirst.feature:5)

    Then user enter username "AB1" and User enter password "12345" for first url # LoginApplicationFirst.user_enter_username_and_User_enter_password_for_first_url(String,String)
    When user navigates to Login Page using first url                            # LoginApplicationFirst.user_navigates_to_Login_Page_using_first_url()
    Then Close the first url browser                                             # LoginApplicationFirst.close_the_first_url_browser()

Failed scenarios:
LoginApplicationFirst.feature:12 # Scenario Outline: Testing First Url

1 Scenarios (1 failed)
4 Steps (1 failed, 3 skipped)
0m0.087s

java.lang.Error: Unresolved compilation problems: 
	Illegal modifier for parameter geckoDriverPath; only final is permitted
	Syntax error on token "Invalid Character", invalid Expression
	Syntax error on token "Invalid Character", delete this token
	Syntax error on token "Invalid Character", delete this token
	Syntax error on token "Invalid Character", delete this token
	Syntax error on token "Invalid Character", invalid Expression
	Syntax error on token "Invalid Character", delete this token
	Syntax error on token "Invalid Character", delete this token
	Syntax error on token "Invalid Character", delete this token

	at BaseClass.Browser.StartBrowser(Browser.java:26)
	at seleniumgluecode.LoginApplicationFirst.user_is_on_homepage_using_first_url(LoginApplicationFirst.java:35)
	at ?.Given user is on homepage using first url(LoginApplicationFirst.feature:5)

]]></system-out>
  </testcase>
</testsuite>