<?xml version="1.0" encoding="UTF-8"?>
<testsuite name="TestSuite" time="0.907" tests="1" errors="0" skipped="0" failures="1">
  <properties>
[...]
</properties>
  <testcase name="run_cukes" classname="runner.testrunner" time="0.907">
    <failure message="java.lang.Error: Unresolved compilation problems: &#10;	Illegal modifier for parameter geckoDriverPath; only final is permitted&#10;	Syntax error on token &quot;Invalid Character&quot;, invalid Expression&#10;	Syntax error on token &quot;Invalid Character&quot;, delete this token&#10;	Syntax error on token &quot;Invalid Character&quot;, delete this token&#10;	Syntax error on token &quot;Invalid Character&quot;, delete this token&#10;	Syntax error on token &quot;Invalid Character&quot;, invalid Expression&#10;	Syntax error on token &quot;Invalid Character&quot;, delete this token&#10;	Syntax error on token &quot;Invalid Character&quot;, delete this token&#10;	Syntax error on token &quot;Invalid Character&quot;, delete this token&#10;" type="cucumber.runtime.CucumberException">cucumber.runtime.CucumberException: java.lang.Error: Unresolved compilation problems: 
	Illegal modifier for parameter geckoDriverPath; only final is permitted
	Syntax error on token "Invalid Character", invalid Expression
	Syntax error on token "Invalid Character", delete this token
	Syntax error on token "Invalid Character", delete this token
	Syntax error on token "Invalid Character", delete this token
	Syntax error on token "Invalid Character", invalid Expression
	Syntax error on token "Invalid Character", delete this token
	Syntax error on token "Invalid Character", delete this token
	Syntax error on token "Invalid Character", delete this token

	at cucumber.api.testng.TestNGCucumberRunner.runCukes(TestNGCucumberRunner.java:48)
	at cucumber.api.testng.AbstractTestNGCucumberTests.run_cukes(AbstractTestNGCucumberTests.java:14)
	at sun.reflect.NativeMethodAccessorImpl.invoke0(Native Method)
	at sun.reflect.NativeMethodAccessorImpl.invoke(NativeMethodAccessorImpl.java:62)
	at sun.reflect.DelegatingMethodAccessorImpl.invoke(DelegatingMethodAccessorImpl.java:43)
	at java.lang.reflect.Method.invoke(Method.java:498)
	at org.testng.internal.MethodInvocationHelper.invokeMethod(MethodInvocationHelper.java:84)
	at org.testng.internal.MethodInvocationHelper$1.runTestMethod(MethodInvocationHelper.java:200)
	at cucumber.api.testng.AbstractTestNGCucumberTests.run(AbstractTestNGCucumberTests.java:19)
	at sun.reflect.NativeMethodAccessorImpl.invoke0(Native Method)
	at sun.reflect.NativeMethodAccessorImpl.invoke(NativeMethodAccessorImpl.java:62)
	at sun.reflect.DelegatingMethodAccessorImpl.invoke(DelegatingMethodAccessorImpl.java:43)
	at java.lang.reflect.Method.invoke(Method.java:498)
	at org.testng.internal.MethodInvocationHelper.invokeHookable(MethodInvocationHelper.java:212)
	at org.testng.internal.Invoker.invokeMethod(Invoker.java:707)
	at org.testng.internal.Invoker.invokeTestMethod(Invoker.java:901)
	at org.testng.internal.Invoker.invokeTestMethods(Invoker.java:1231)
	at org.testng.internal.TestMethodWorker.invokeTestMethods(TestMethodWorker.java:127)
	at org.testng.internal.TestMethodWorker.run(TestMethodWorker.java:111)
	at org.testng.TestRunner.privateRun(TestRunner.java:767)
	at org.testng.TestRunner.run(TestRunner.java:617)
	at org.testng.SuiteRunner.runTest(SuiteRunner.java:348)
	at org.testng.SuiteRunner.runSequentially(SuiteRunner.java:343)
	at org.testng.SuiteRunner.privateRun(SuiteRunner.java:305)
	at org.testng.SuiteRunner.run(SuiteRunner.java:254)
	at org.testng.SuiteRunnerWorker.runSuite(SuiteRunnerWorker.java:52)
	at org.testng.SuiteRunnerWorker.run(SuiteRunnerWorker.java:86)
	at org.testng.TestNG.runSuitesSequentially(TestNG.java:1224)
	at org.testng.TestNG.runSuitesLocally(TestNG.java:1149)
	at org.testng.TestNG.run(TestNG.java:1057)
	at org.apache.maven.surefire.testng.TestNGExecutor.run(TestNGExecutor.java:295)
	at org.apache.maven.surefire.testng.TestNGXmlTestSuite.execute(TestNGXmlTestSuite.java:84)
	at org.apache.maven.surefire.testng.TestNGProvider.invoke(TestNGProvider.java:90)
	at org.apache.maven.surefire.booter.ForkedBooter.invokeProviderInSameClassLoader(ForkedBooter.java:203)
	at org.apache.maven.surefire.booter.ForkedBooter.runSuitesInProcess(ForkedBooter.java:155)
	at org.apache.maven.surefire.booter.ForkedBooter.main(ForkedBooter.java:103)
Caused by: java.lang.Error: Unresolved compilation problems: 
	Illegal modifier for parameter geckoDriverPath; only final is permitted
	Syntax error on token "Invalid Character", invalid Expression
	Syntax error on token "Invalid Character", delete this token
	Syntax error on token "Invalid Character", delete this token
	Syntax error on token "Invalid Character", delete this token
	Syntax error on token "Invalid Character", invalid Expression
	Syntax error on token "Invalid Character", delete this token
	Syntax error on token "Invalid Character", delete this token
	Syntax error on token "Invalid Character", delete this token

	at BaseClass.Browser.StartBrowser(Browser.java:26)
	at seleniumgluecode.LoginApplicationFirst.user_is_on_homepage_using_first_url(LoginApplicationFirst.java:35)
	at ✽.Given user is on homepage using first url(LoginApplicationFirst.feature:5)
</failure>
    <system-out><![CDATA[Feature: Login with First Url

  Scenario Outline: Testing First Url                                                        # LoginApplicationFirst.feature:4
    Given user is on homepage using first url
    Then user enter username "<UserName>" and User enter password "<Password>" for first url
    When user navigates to Login Page using first url
    Then Close the first url browser

    Examples: 

  Scenario Outline: Testing First Url                                            # LoginApplicationFirst.feature:12
    Given user is on homepage using first url                                    # LoginApplicationFirst.user_is_on_homepage_using_first_url()
      java.lang.Error: Unresolved compilation problems: 
      	Illegal modifier for parameter geckoDriverPath; only final is permitted
      	Syntax error on token "Invalid Character", invalid Expression
      	Syntax error on token "Invalid Character", delete this token
      	Syntax error on token "Invalid Character", delete this token
      	Syntax error on token "Invalid Character", delete this token
      	Syntax error on token "Invalid Character", invalid Expression
      	Syntax error on token "Invalid Character", delete this token
      	Syntax error on token "Invalid Character", delete this token
      	Syntax error on token "Invalid Character", delete this token
      
      	at BaseClass.Browser.StartBrowser(Browser.java:26)
      	at seleniumgluecode.LoginApplicationFirst.user_is_on_homepage_using_first_url(LoginApplicationFirst.java:35)
      	at ?.Given user is on homepage using first url(LoginApplicationFirst.feature:5)

    Then user enter username "AB1" and User enter password "12345" for first url # LoginApplicationFirst.user_enter_username_and_User_enter_password_for_first_url(String,String)
    When user navigates to Login Page using first url                            # LoginApplicationFirst.user_navigates_to_Login_Page_using_first_url()
    Then Close the first url browser                                             # LoginApplicationFirst.close_the_first_url_browser()

Failed scenarios:
LoginApplicationFirst.feature:12 # Scenario Outline: Testing First Url

1 Scenarios (1 failed)
4 Steps (1 failed, 3 skipped)
0m0.087s

java.lang.Error: Unresolved compilation problems: 
	Illegal modifier for parameter geckoDriverPath; only final is permitted
	Syntax error on token "Invalid Character", invalid Expression
	Syntax error on token "Invalid Character", delete this token
	Syntax error on token "Invalid Character", delete this token
	Syntax error on token "Invalid Character", delete this token
	Syntax error on token "Invalid Character", invalid Expression
	Syntax error on token "Invalid Character", delete this token
	Syntax error on token "Invalid Character", delete this token
	Syntax error on token "Invalid Character", delete this token

	at BaseClass.Browser.StartBrowser(Browser.java:26)
	at seleniumgluecode.LoginApplicationFirst.user_is_on_homepage_using_first_url(LoginApplicationFirst.java:35)
	at ?.Given user is on homepage using first url(LoginApplicationFirst.feature:5)

]]></system-out>
  </testcase>
</testsuite>