<?xml version="1.0" encoding="UTF-8"?>
<testng-results skipped="0" failed="1" total="1" passed="0">
  <reporter-output>
    <line>
      <![CDATA[<div "featureFile">Feature File: LoginApplicationFirst.feature</div>]]>
    </line>
    <line>
      <![CDATA[<div "feature">Feature: Login with First Url</div>]]>
    </line>
    <line>
      <![CDATA[<div "scenarioOutline">Scenario Outline: Testing First Url</div>]]>
    </line>
    <line>
      <![CDATA[<div "scenario">Scenario Outline: Testing First Url</div>]]>
    </line>
    <line>
      <![CDATA[<div "result">Given  user is on homepage using first url (failed : 0s)</div>]]>
    </line>
    <line>
      <![CDATA[<div "result">Then  user enter username &quot;&lt;UserName&gt;&quot; and User enter password &quot;&lt;Password&gt;&quot; for first url (skipped)</div>]]>
    </line>
    <line>
      <![CDATA[<div "result">When  user navigates to Login Page using first url (skipped)</div>]]>
    </line>
    <line>
      <![CDATA[<div "result">Then  Close the first url browser (skipped)</div>]]>
    </line>
  </reporter-output>
  <suite name="Suite" duration-ms="1025" started-at="2020-07-12T07:27:23Z" finished-at="2020-07-12T07:27:24Z">
    <groups>
      <group name="cucumber">
        <method signature="AbstractTestNGCucumberTests.run_cukes()[pri:0, instance:runner.testrunner@5315b42e]" name="run_cukes" class="cucumber.api.testng.AbstractTestNGCucumberTests"/>
      </group> <!-- cucumber -->
    </groups>
    <test name="Test" duration-ms="1025" started-at="2020-07-12T07:27:23Z" finished-at="2020-07-12T07:27:24Z">
      <class name="runner.testrunner">
        <test-method status="FAIL" signature="run_cukes()[pri:0, instance:runner.testrunner@5315b42e]" name="run_cukes" duration-ms="898" started-at="2020-07-12T12:57:23Z" description="Runs Cucumber Features" finished-at="2020-07-12T12:57:24Z">
          <exception class="cucumber.runtime.CucumberException">
            <message>
              <![CDATA[java.lang.Error: Unresolved compilation problems: 
	Illegal modifier for parameter geckoDriverPath; only final is permitted
	Syntax error on token "Invalid Character", invalid Expression
	Syntax error on token "Invalid Character", delete this token
	Syntax error on token "Invalid Character", delete this token
	Syntax error on token "Invalid Character", delete this token
	Syntax error on token "Invalid Character", invalid Expression
	Syntax error on token "Invalid Character", delete this token
	Syntax error on token "Invalid Character", delete this token
	Syntax error on token "Invalid Character", delete this token
]]>
            </message>
            <full-stacktrace>
              <![CDATA[cucumber.runtime.CucumberException: java.lang.Error: Unresolved compilation problems: 
	Illegal modifier for parameter geckoDriverPath; only final is permitted
	Syntax error on token "Invalid Character", invalid Expression
	Syntax error on token "Invalid Character", delete this token
	Syntax error on token "Invalid Character", delete this token
	Syntax error on token "Invalid Character", delete this token
	Syntax error on token "Invalid Character", invalid Expression
	Syntax error on token "Invalid Character", delete this token
	Syntax error on token "Invalid Character", delete this token
	Syntax error on token "Invalid Character", delete this token

	at cucumber.api.testng.TestNGCucumberRunner.runCukes(TestNGCucumberRunner.java:48)
	at cucumber.api.testng.AbstractTestNGCucumberTests.run_cukes(AbstractTestNGCucumberTests.java:14)
	at sun.reflect.NativeMethodAccessorImpl.invoke0(Native Method)
	at sun.reflect.NativeMethodAccessorImpl.invoke(NativeMethodAccessorImpl.java:62)
	at sun.reflect.DelegatingMethodAccessorImpl.invoke(DelegatingMethodAccessorImpl.java:43)
	at java.lang.reflect.Method.invoke(Method.java:498)
	at org.testng.internal.MethodInvocationHelper.invokeMethod(MethodInvocationHelper.java:84)
	at org.testng.internal.MethodInvocationHelper$1.runTestMethod(MethodInvocationHelper.java:200)
	at cucumber.api.testng.AbstractTestNGCucumberTests.run(AbstractTestNGCucumberTests.java:19)
	at sun.reflect.NativeMethodAccessorImpl.invoke0(Native Method)
	at sun.reflect.NativeMethodAccessorImpl.invoke(NativeMethodAccessorImpl.java:62)
	at sun.reflect.DelegatingMethodAccessorImpl.invoke(DelegatingMethodAccessorImpl.java:43)
	at java.lang.reflect.Method.invoke(Method.java:498)
	at org.testng.internal.MethodInvocationHelper.invokeHookable(MethodInvocationHelper.java:212)
	at org.testng.internal.Invoker.invokeMethod(Invoker.java:707)
	at org.testng.internal.Invoker.invokeTestMethod(Invoker.java:901)
	at org.testng.internal.Invoker.invokeTestMethods(Invoker.java:1231)
	at org.testng.internal.TestMethodWorker.invokeTestMethods(TestMethodWorker.java:127)
	at org.testng.internal.TestMethodWorker.run(TestMethodWorker.java:111)
	at org.testng.TestRunner.privateRun(TestRunner.java:767)
	at org.testng.TestRunner.run(TestRunner.java:617)
	at org.testng.SuiteRunner.runTest(SuiteRunner.java:348)
	at org.testng.SuiteRunner.runSequentially(SuiteRunner.java:343)
	at org.testng.SuiteRunner.privateRun(SuiteRunner.java:305)
	at org.testng.SuiteRunner.run(SuiteRunner.java:254)
	at org.testng.SuiteRunnerWorker.runSuite(SuiteRunnerWorker.java:52)
	at org.testng.SuiteRunnerWorker.run(SuiteRunnerWorker.java:86)
	at org.testng.TestNG.runSuitesSequentially(TestNG.java:1224)
	at org.testng.TestNG.runSuitesLocally(TestNG.java:1149)
	at org.testng.TestNG.run(TestNG.java:1057)
	at org.apache.maven.surefire.testng.TestNGExecutor.run(TestNGExecutor.java:295)
	at org.apache.maven.surefire.testng.TestNGXmlTestSuite.execute(TestNGXmlTestSuite.java:84)
	at org.apache.maven.surefire.testng.TestNGProvider.invoke(TestNGProvider.java:90)
	at org.apache.maven.surefire.booter.ForkedBooter.invokeProviderInSameClassLoader(ForkedBooter.java:203)
	at org.apache.maven.surefire.booter.ForkedBooter.runSuitesInProcess(ForkedBooter.java:155)
	at org.apache.maven.surefire.booter.ForkedBooter.main(ForkedBooter.java:103)
Caused by: java.lang.Error: Unresolved compilation problems: 
	Illegal modifier for parameter geckoDriverPath; only final is permitted
	Syntax error on token "Invalid Character", invalid Expression
	Syntax error on token "Invalid Character", delete this token
	Syntax error on token "Invalid Character", delete this token
	Syntax error on token "Invalid Character", delete this token
	Syntax error on token "Invalid Character", invalid Expression
	Syntax error on token "Invalid Character", delete this token
	Syntax error on token "Invalid Character", delete this token
	Syntax error on token "Invalid Character", delete this token

	at BaseClass.Browser.StartBrowser(Browser.java:26)
	at seleniumgluecode.LoginApplicationFirst.user_is_on_homepage_using_first_url(LoginApplicationFirst.java:35)
	at ?.Given user is on homepage using first url(LoginApplicationFirst.feature:5)
]]>
            </full-stacktrace>
          </exception> <!-- cucumber.runtime.CucumberException -->
          <reporter-output>
            <line>
              <![CDATA[<div "featureFile">Feature File: LoginApplicationFirst.feature</div>]]>
            </line>
            <line>
              <![CDATA[<div "feature">Feature: Login with First Url</div>]]>
            </line>
            <line>
              <![CDATA[<div "scenarioOutline">Scenario Outline: Testing First Url</div>]]>
            </line>
            <line>
              <![CDATA[<div "scenario">Scenario Outline: Testing First Url</div>]]>
            </line>
            <line>
              <![CDATA[<div "result">Given  user is on homepage using first url (failed : 0s)</div>]]>
            </line>
            <line>
              <![CDATA[<div "result">Then  user enter username &quot;&lt;UserName&gt;&quot; and User enter password &quot;&lt;Password&gt;&quot; for first url (skipped)</div>]]>
            </line>
            <line>
              <![CDATA[<div "result">When  user navigates to Login Page using first url (skipped)</div>]]>
            </line>
            <line>
              <![CDATA[<div "result">Then  Close the first url browser (skipped)</div>]]>
            </line>
          </reporter-output>
        </test-method> <!-- run_cukes -->
        <test-method status="PASS" signature="writeExtentReport()[pri:0, instance:runner.testrunner@5315b42e]" name="writeExtentReport" is-config="true" duration-ms="109" started-at="2020-07-12T12:57:24Z" finished-at="2020-07-12T12:57:24Z">
          <reporter-output>
          </reporter-output>
        </test-method> <!-- writeExtentReport -->
      </class> <!-- runner.testrunner -->
    </test> <!-- Test -->
  </suite> <!-- Suite -->
</testng-results>
